<?xml version="1.0" encoding="UTF-8"?>
<!-- Generated by org.testng.reporters.JUnitReportReporter -->
<testsuite skipped="0" hostname="HP" name="Erb.Admin.tetscases.TestLoginPage" tests="1" failures="0" timestamp="20 Feb 2021 05:20:53 GMT" time="12.535" errors="0">
  <testcase name="login" time="12.535" classname="Erb.Admin.tetscases.TestLoginPage"/>
</testsuite> <!-- Erb.Admin.tetscases.TestLoginPage -->
