<?xml version="1.0" encoding="UTF-8"?>
<!-- Generated by org.testng.reporters.JUnitReportReporter -->
<testsuite skipped="0" hostname="HP" name="Erb.Admin.tetscases.TestLoginPage" tests="1" failures="0" timestamp="22 Feb 2021 06:23:28 GMT" time="31.877" errors="0">
  <testcase name="login" time="31.877" classname="Erb.Admin.tetscases.TestLoginPage"/>
</testsuite> <!-- Erb.Admin.tetscases.TestLoginPage -->
